
*** Running vivado
    with args -log OTTER_Wrapper.vds -m64 -product Vivado -mode batch -messageDb vivado.pb -notrace -source OTTER_Wrapper.tcl


****** Vivado v2018.2 (64-bit)
  **** SW Build 2258646 on Thu Jun 14 20:03:12 MDT 2018
  **** IP Build 2256618 on Thu Jun 14 22:10:49 MDT 2018
    ** Copyright 1986-2018 Xilinx, Inc. All Rights Reserved.

source OTTER_Wrapper.tcl -notrace
Command: synth_design -top OTTER_Wrapper -part xc7a35tcpg236-1
Starting synth_design
Attempting to get a license for feature 'Synthesis' and/or device 'xc7a35t'
INFO: [Common 17-349] Got license for feature 'Synthesis' and/or device 'xc7a35t'
INFO: Launching helper process for spawning children vivado processes
INFO: Helper process launched with PID 12316 
---------------------------------------------------------------------------------
Starting RTL Elaboration : Time (s): cpu = 00:00:03 ; elapsed = 00:00:03 . Memory (MB): peak = 357.441 ; gain = 99.215
---------------------------------------------------------------------------------
INFO: [Synth 8-6157] synthesizing module 'OTTER_Wrapper' [C:/Users/jamar/Documents/OTTERMCU_rawFiles/OTTER_Wrapper.sv:23]
INFO: [Synth 8-6157] synthesizing module 'OTTERMCU' [C:/Users/jamar/Documents/OTTERMCU_rawFiles/OTTERMCU.sv:23]
INFO: [Synth 8-6157] synthesizing module 'ALU' [C:/Users/jamar/Documents/OTTERMCU_rawFiles/ALU.sv:23]
INFO: [Synth 8-6155] done synthesizing module 'ALU' (1#1) [C:/Users/jamar/Documents/OTTERMCU_rawFiles/ALU.sv:23]
INFO: [Synth 8-6157] synthesizing module 'mux_2_1' [C:/Users/jamar/Documents/OTTERMCU_rawFiles/mux_2_1.sv:23]
INFO: [Synth 8-6155] done synthesizing module 'mux_2_1' (2#1) [C:/Users/jamar/Documents/OTTERMCU_rawFiles/mux_2_1.sv:23]
INFO: [Synth 8-6157] synthesizing module 'mux_ALUB' [C:/Users/jamar/Documents/OTTERMCU_rawFiles/mux_ALUB.sv:23]
INFO: [Synth 8-6155] done synthesizing module 'mux_ALUB' (3#1) [C:/Users/jamar/Documents/OTTERMCU_rawFiles/mux_ALUB.sv:23]
INFO: [Synth 8-6157] synthesizing module 'registerFile' [C:/Users/jamar/Documents/OTTERMCU_rawFiles/register.sv:23]
INFO: [Synth 8-6155] done synthesizing module 'registerFile' (4#1) [C:/Users/jamar/Documents/OTTERMCU_rawFiles/register.sv:23]
INFO: [Synth 8-6157] synthesizing module 'CU_Decoder' [C:/Users/jamar/Documents/OTTERMCU_rawFiles/CU_Decoder.sv:23]
INFO: [Synth 8-6155] done synthesizing module 'CU_Decoder' (5#1) [C:/Users/jamar/Documents/OTTERMCU_rawFiles/CU_Decoder.sv:23]
INFO: [Synth 8-6157] synthesizing module 'CU_FSM' [C:/Users/jamar/Documents/OTTERMCU_rawFiles/CU_FSM.sv:23]
	Parameter st_INSTR bound to: 2'b00 
	Parameter st_DECODE bound to: 2'b01 
	Parameter st_WriteBack bound to: 2'b10 
INFO: [Synth 8-155] case statement is not full and has no default [C:/Users/jamar/Documents/OTTERMCU_rawFiles/CU_FSM.sv:58]
INFO: [Synth 8-6155] done synthesizing module 'CU_FSM' (6#1) [C:/Users/jamar/Documents/OTTERMCU_rawFiles/CU_FSM.sv:23]
INFO: [Synth 8-6157] synthesizing module 'OTTER_mem_dualport' [C:/Users/jamar/Documents/OTTERMCU_rawFiles/bram_dualport.sv:24]
	Parameter ACTUAL_WIDTH bound to: 14 - type: integer 
INFO: [Synth 8-5534] Detected attribute (* rom_style = "{distributed | block}" *) [C:/Users/jamar/Documents/OTTERMCU_rawFiles/bram_dualport.sv:54]
INFO: [Synth 8-3876] $readmem data file 'otter_memory.mem' is read successfully [C:/Users/jamar/Documents/OTTERMCU_rawFiles/bram_dualport.sv:57]
INFO: [Synth 8-6155] done synthesizing module 'OTTER_mem_dualport' (7#1) [C:/Users/jamar/Documents/OTTERMCU_rawFiles/bram_dualport.sv:24]
INFO: [Synth 8-6157] synthesizing module 'ProgramCounter' [C:/Users/jamar/Documents/OTTERMCU_rawFiles/ProgramCounter.sv:23]
	Parameter ADDR_WIDTH bound to: 32 - type: integer 
ERROR: [Synth 8-439] module 'Mux_4_1' not found [C:/Users/jamar/Documents/OTTERMCU_rawFiles/ProgramCounter.sv:33]
ERROR: [Synth 8-6156] failed synthesizing module 'ProgramCounter' [C:/Users/jamar/Documents/OTTERMCU_rawFiles/ProgramCounter.sv:23]
ERROR: [Synth 8-6156] failed synthesizing module 'OTTERMCU' [C:/Users/jamar/Documents/OTTERMCU_rawFiles/OTTERMCU.sv:23]
ERROR: [Synth 8-6156] failed synthesizing module 'OTTER_Wrapper' [C:/Users/jamar/Documents/OTTERMCU_rawFiles/OTTER_Wrapper.sv:23]
---------------------------------------------------------------------------------
Finished RTL Elaboration : Time (s): cpu = 00:00:04 ; elapsed = 00:00:05 . Memory (MB): peak = 420.566 ; gain = 162.340
---------------------------------------------------------------------------------
RTL Elaboration failed
INFO: [Common 17-83] Releasing license: Synthesis
22 Infos, 0 Warnings, 0 Critical Warnings and 5 Errors encountered.
synth_design failed
ERROR: [Common 17-69] Command failed: Synthesis failed - please see the console or run log file for details
INFO: [Common 17-206] Exiting Vivado at Thu Mar 14 17:09:05 2019...
